[24-Jul-2022 13:38:00 America/New_York] PHP Fatal error:  Uncaught Error: Object of class Mailgun\Model\Message\SendResponse could not be converted to string in /var/www/acg.keysolv.com/lib/mailgunwrapper.php:51
Stack trace:
#0 /var/www/acg.keysolv.com/lib/mailgunwrapper.php(64): mailgunWrapper()
#1 {main}
  thrown in /var/www/acg.keysolv.com/lib/mailgunwrapper.php on line 51
[24-Jul-2022 13:43:51 America/New_York] PHP Fatal error:  Uncaught Error: Object of class Mailgun\Model\Message\SendResponse could not be converted to string in /var/www/acg.keysolv.com/lib/mailgunwrapper.php:44
Stack trace:
#0 /var/www/acg.keysolv.com/lib/mailgunwrapper.php(65): mailgunWrapper()
#1 {main}
  thrown in /var/www/acg.keysolv.com/lib/mailgunwrapper.php on line 44
[24-Jul-2022 13:45:25 America/New_York] PHP Fatal error:  Uncaught Error: Object of class Mailgun\Model\Message\SendResponse could not be converted to string in /var/www/acg.keysolv.com/lib/mailgunwrapper.php:44
Stack trace:
#0 /var/www/acg.keysolv.com/lib/mailgunwrapper.php(65): mailgunWrapper()
#1 {main}
  thrown in /var/www/acg.keysolv.com/lib/mailgunwrapper.php on line 44
[24-Jul-2022 13:48:19 America/New_York] PHP Fatal error:  Uncaught Error: Object of class Mailgun\Model\Message\SendResponse could not be converted to string in /var/www/acg.keysolv.com/lib/mailgunwrapper.php:44
Stack trace:
#0 /var/www/acg.keysolv.com/lib/mailgunwrapper.php(65): mailgunWrapper()
#1 {main}
  thrown in /var/www/acg.keysolv.com/lib/mailgunwrapper.php on line 44
[24-Jul-2022 13:50:54 America/New_York] PHP Fatal error:  Uncaught Error: Object of class Mailgun\Model\Message\SendResponse could not be converted to string in /var/www/acg.keysolv.com/lib/mailgunwrapper.php:55
Stack trace:
#0 /var/www/acg.keysolv.com/lib/mailgunwrapper.php(68): mailgunWrapper()
#1 {main}
  thrown in /var/www/acg.keysolv.com/lib/mailgunwrapper.php on line 55
[24-Jul-2022 13:53:03 America/New_York] PHP Fatal error:  Uncaught Error: Object of class Mailgun\Model\Message\SendResponse could not be converted to string in /var/www/acg.keysolv.com/lib/mailgunwrapper.php:55
Stack trace:
#0 /var/www/acg.keysolv.com/lib/mailgunwrapper.php(68): mailgunWrapper()
#1 {main}
  thrown in /var/www/acg.keysolv.com/lib/mailgunwrapper.php on line 55
[24-Jul-2022 13:57:29 America/New_York] PHP Fatal error:  Uncaught Error: Object of class Mailgun\Model\Message\SendResponse could not be converted to string in /var/www/acg.keysolv.com/lib/mailgunwrapper.php:68
Stack trace:
#0 {main}
  thrown in /var/www/acg.keysolv.com/lib/mailgunwrapper.php on line 68
